<?xml version="1.0" encoding="UTF-8"?>
<testng-results ignored="0" total="5" passed="4" failed="1" skipped="0">
  <reporter-output>
  </reporter-output>
  <suite started-at="2023-09-10T11:16:42 IST" name="PeopleGrow Automation Test Assignment2" finished-at="2023-09-10T11:19:08 IST" duration-ms="146040">
    <groups>
    </groups>
    <test started-at="2023-09-10T11:16:42 IST" name="PeopleGrow Test Cases" finished-at="2023-09-10T11:19:08 IST" duration-ms="146040">
      <class name="com.peoplegrow.qa.testcases.InspirationForYouTest">
        <test-method is-config="true" signature="setup()[pri:0, instance:com.peoplegrow.qa.testcases.InspirationForYouTest@75d3a5e0]" started-at="2023-09-10T11:18:16 IST" name="setup" finished-at="2023-09-10T11:19:00 IST" duration-ms="44346" status="PASS">
          <reporter-output>
          </reporter-output>
        </test-method> <!-- setup -->
        <test-method signature="clickonInspirationalTest()[pri:0, instance:com.peoplegrow.qa.testcases.InspirationForYouTest@75d3a5e0]" started-at="2023-09-10T11:19:00 IST" name="clickonInspirationalTest" finished-at="2023-09-10T11:19:08 IST" duration-ms="7350" status="FAIL">
          <exception class="org.openqa.selenium.NoSuchElementException">
            <message>
              <![CDATA[no such element: Unable to locate element: {"method":"xpath","selector":"//span[text()='Career Paths']"}
  (Session info: chrome=116.0.5845.180)
For documentation on this error, please visit: https://selenium.dev/exceptions/#no_such_element
Build info: version: '4.8.3', revision: 'e5e76298c3'
System info: os.name: 'Windows 10', os.arch: 'amd64', os.version: '10.0', java.version: '17.0.8.1'
Driver info: org.openqa.selenium.chrome.ChromeDriver
Command: [924217328a134434200f5dbffb6bd1a4, findElement {using=xpath, value=//span[text()='Career Paths']}]
Capabilities {acceptInsecureCerts: false, browserName: chrome, browserVersion: 116.0.5845.180, chrome: {chromedriverVersion: 116.0.5845.96 (1a3918166880..., userDataDir: C:\Users\Dell\AppData\Local...}, fedcm:accounts: true, goog:chromeOptions: {debuggerAddress: localhost:49909}, networkConnectionEnabled: false, pageLoadStrategy: normal, platformName: WINDOWS, proxy: Proxy(), se:cdp: ws://localhost:49909/devtoo..., se:cdpVersion: 116.0.5845.180, setWindowRect: true, strictFileInteractability: false, timeouts: {implicit: 0, pageLoad: 300000, script: 30000}, unhandledPromptBehavior: dismiss and notify, webauthn:extension:credBlob: true, webauthn:extension:largeBlob: true, webauthn:extension:minPinLength: true, webauthn:extension:prf: true, webauthn:virtualAuthenticators: true}
Session ID: 924217328a134434200f5dbffb6bd1a4]]>
            </message>
            <full-stacktrace>
              <![CDATA[org.openqa.selenium.NoSuchElementException: no such element: Unable to locate element: {"method":"xpath","selector":"//span[text()='Career Paths']"}
  (Session info: chrome=116.0.5845.180)
For documentation on this error, please visit: https://selenium.dev/exceptions/#no_such_element
Build info: version: '4.8.3', revision: 'e5e76298c3'
System info: os.name: 'Windows 10', os.arch: 'amd64', os.version: '10.0', java.version: '17.0.8.1'
Driver info: org.openqa.selenium.chrome.ChromeDriver
Command: [924217328a134434200f5dbffb6bd1a4, findElement {using=xpath, value=//span[text()='Career Paths']}]
Capabilities {acceptInsecureCerts: false, browserName: chrome, browserVersion: 116.0.5845.180, chrome: {chromedriverVersion: 116.0.5845.96 (1a3918166880..., userDataDir: C:\Users\Dell\AppData\Local...}, fedcm:accounts: true, goog:chromeOptions: {debuggerAddress: localhost:49909}, networkConnectionEnabled: false, pageLoadStrategy: normal, platformName: WINDOWS, proxy: Proxy(), se:cdp: ws://localhost:49909/devtoo..., se:cdpVersion: 116.0.5845.180, setWindowRect: true, strictFileInteractability: false, timeouts: {implicit: 0, pageLoad: 300000, script: 30000}, unhandledPromptBehavior: dismiss and notify, webauthn:extension:credBlob: true, webauthn:extension:largeBlob: true, webauthn:extension:minPinLength: true, webauthn:extension:prf: true, webauthn:virtualAuthenticators: true}
Session ID: 924217328a134434200f5dbffb6bd1a4
at java.base/jdk.internal.reflect.NativeConstructorAccessorImpl.newInstance0(Native Method)
at java.base/jdk.internal.reflect.NativeConstructorAccessorImpl.newInstance(NativeConstructorAccessorImpl.java:77)
at java.base/jdk.internal.reflect.DelegatingConstructorAccessorImpl.newInstance(DelegatingConstructorAccessorImpl.java:45)
at java.base/java.lang.reflect.Constructor.newInstanceWithCaller(Constructor.java:499)
at java.base/java.lang.reflect.Constructor.newInstance(Constructor.java:480)
at org.openqa.selenium.remote.codec.w3c.W3CHttpResponseCodec.createException(W3CHttpResponseCodec.java:200)
at org.openqa.selenium.remote.codec.w3c.W3CHttpResponseCodec.decode(W3CHttpResponseCodec.java:133)
at org.openqa.selenium.remote.codec.w3c.W3CHttpResponseCodec.decode(W3CHttpResponseCodec.java:53)
at org.openqa.selenium.remote.HttpCommandExecutor.execute(HttpCommandExecutor.java:193)
at org.openqa.selenium.remote.service.DriverCommandExecutor.invokeExecute(DriverCommandExecutor.java:183)
at org.openqa.selenium.remote.service.DriverCommandExecutor.execute(DriverCommandExecutor.java:158)
at org.openqa.selenium.remote.RemoteWebDriver.execute(RemoteWebDriver.java:543)
at org.openqa.selenium.remote.ElementLocation$ElementFinder$2.findElement(ElementLocation.java:162)
at org.openqa.selenium.remote.ElementLocation.findElement(ElementLocation.java:60)
at org.openqa.selenium.remote.RemoteWebDriver.findElement(RemoteWebDriver.java:352)
at org.openqa.selenium.remote.RemoteWebDriver.findElement(RemoteWebDriver.java:344)
at org.openqa.selenium.support.pagefactory.DefaultElementLocator.findElement(DefaultElementLocator.java:70)
at org.openqa.selenium.support.pagefactory.internal.LocatingElementHandler.invoke(LocatingElementHandler.java:39)
at jdk.proxy2/jdk.proxy2.$Proxy15.click(Unknown Source)
at com.peoplegrow.qa.pages.InspirationForYou.clickonInspirationalLInk(InspirationForYou.java:44)
at com.peoplegrow.qa.testcases.InspirationForYouTest.clickonInspirationalTest(InspirationForYouTest.java:49)
at java.base/jdk.internal.reflect.NativeMethodAccessorImpl.invoke0(Native Method)
at java.base/jdk.internal.reflect.NativeMethodAccessorImpl.invoke(NativeMethodAccessorImpl.java:77)
at java.base/jdk.internal.reflect.DelegatingMethodAccessorImpl.invoke(DelegatingMethodAccessorImpl.java:43)
at java.base/java.lang.reflect.Method.invoke(Method.java:568)
at org.testng.internal.invokers.MethodInvocationHelper.invokeMethod(MethodInvocationHelper.java:139)
at org.testng.internal.invokers.TestInvoker.invokeMethod(TestInvoker.java:677)
at org.testng.internal.invokers.TestInvoker.invokeTestMethod(TestInvoker.java:221)
at org.testng.internal.invokers.MethodRunner.runInSequence(MethodRunner.java:50)
at org.testng.internal.invokers.TestInvoker$MethodInvocationAgent.invoke(TestInvoker.java:969)
at org.testng.internal.invokers.TestInvoker.invokeTestMethods(TestInvoker.java:194)
at org.testng.internal.invokers.TestMethodWorker.invokeTestMethods(TestMethodWorker.java:148)
at org.testng.internal.invokers.TestMethodWorker.run(TestMethodWorker.java:128)
at java.base/java.util.ArrayList.forEach(ArrayList.java:1511)
at org.testng.TestRunner.privateRun(TestRunner.java:829)
at org.testng.TestRunner.run(TestRunner.java:602)
at org.testng.SuiteRunner.runTest(SuiteRunner.java:437)
at org.testng.SuiteRunner.runSequentially(SuiteRunner.java:431)
at org.testng.SuiteRunner.privateRun(SuiteRunner.java:391)
at org.testng.SuiteRunner.run(SuiteRunner.java:330)
at org.testng.SuiteRunnerWorker.runSuite(SuiteRunnerWorker.java:52)
at org.testng.SuiteRunnerWorker.run(SuiteRunnerWorker.java:95)
at org.testng.TestNG.runSuitesSequentially(TestNG.java:1256)
at org.testng.TestNG.runSuitesLocally(TestNG.java:1176)
at org.testng.TestNG.runSuites(TestNG.java:1099)
at org.testng.TestNG.run(TestNG.java:1067)
at org.testng.remote.AbstractRemoteTestNG.run(AbstractRemoteTestNG.java:115)
at org.testng.remote.RemoteTestNG.initAndRun(RemoteTestNG.java:251)
at org.testng.remote.RemoteTestNG.main(RemoteTestNG.java:77)
]]>
            </full-stacktrace>
          </exception> <!-- org.openqa.selenium.NoSuchElementException -->
          <reporter-output>
          </reporter-output>
        </test-method> <!-- clickonInspirationalTest -->
      </class> <!-- com.peoplegrow.qa.testcases.InspirationForYouTest -->
      <class name="com.peoplegrow.qa.testcases.LoginPageTest">
        <test-method is-config="true" signature="setUp()[pri:0, instance:com.peoplegrow.qa.testcases.LoginPageTest@58cbafc2]" started-at="2023-09-10T11:17:00 IST" name="setUp" finished-at="2023-09-10T11:17:12 IST" duration-ms="11835" status="PASS">
          <reporter-output>
          </reporter-output>
        </test-method> <!-- setUp -->
        <test-method signature="LoginPageTitle()[pri:0, instance:com.peoplegrow.qa.testcases.LoginPageTest@58cbafc2]" started-at="2023-09-10T11:17:12 IST" name="LoginPageTitle" finished-at="2023-09-10T11:17:12 IST" duration-ms="10" status="PASS">
          <reporter-output>
          </reporter-output>
        </test-method> <!-- LoginPageTitle -->
        <test-method is-config="true" signature="setUp()[pri:0, instance:com.peoplegrow.qa.testcases.LoginPageTest@58cbafc2]" started-at="2023-09-10T11:17:12 IST" name="setUp" finished-at="2023-09-10T11:17:35 IST" duration-ms="23151" status="PASS">
          <reporter-output>
          </reporter-output>
        </test-method> <!-- setUp -->
        <test-method signature="LoginTest()[pri:0, instance:com.peoplegrow.qa.testcases.LoginPageTest@58cbafc2]" started-at="2023-09-10T11:17:35 IST" name="LoginTest" finished-at="2023-09-10T11:17:39 IST" duration-ms="3867" status="PASS">
          <reporter-output>
          </reporter-output>
        </test-method> <!-- LoginTest -->
      </class> <!-- com.peoplegrow.qa.testcases.LoginPageTest -->
      <class name="com.peoplegrow.qa.testcases.SignInButtonLinkTest">
        <test-method is-config="true" signature="setUp()[pri:0, instance:com.peoplegrow.qa.testcases.SignInButtonLinkTest@1a6d8329]" started-at="2023-09-10T11:16:42 IST" name="setUp" finished-at="2023-09-10T11:17:00 IST" duration-ms="18239" status="PASS">
          <reporter-output>
          </reporter-output>
        </test-method> <!-- setUp -->
        <test-method signature="signInButtonLinkTest()[pri:0, instance:com.peoplegrow.qa.testcases.SignInButtonLinkTest@1a6d8329]" started-at="2023-09-10T11:17:00 IST" name="signInButtonLinkTest" finished-at="2023-09-10T11:17:00 IST" duration-ms="270" status="PASS">
          <reporter-output>
          </reporter-output>
        </test-method> <!-- signInButtonLinkTest -->
      </class> <!-- com.peoplegrow.qa.testcases.SignInButtonLinkTest -->
      <class name="com.peoplegrow.qa.testcases.HomePageTest">
        <test-method is-config="true" signature="setup()[pri:0, instance:com.peoplegrow.qa.testcases.HomePageTest@2034b64c]" started-at="2023-09-10T11:17:39 IST" name="setup" finished-at="2023-09-10T11:18:07 IST" duration-ms="28223" status="PASS">
          <reporter-output>
          </reporter-output>
        </test-method> <!-- setup -->
        <test-method signature="verifyclickonCareerLinkTest()[pri:1, instance:com.peoplegrow.qa.testcases.HomePageTest@2034b64c]" started-at="2023-09-10T11:18:07 IST" name="verifyclickonCareerLinkTest" finished-at="2023-09-10T11:18:16 IST" duration-ms="8645" status="PASS">
          <reporter-output>
          </reporter-output>
        </test-method> <!-- verifyclickonCareerLinkTest -->
      </class> <!-- com.peoplegrow.qa.testcases.HomePageTest -->
    </test> <!-- PeopleGrow Test Cases -->
  </suite> <!-- PeopleGrow Automation Test Assignment2 -->
</testng-results>
